<?xml version="1.0" encoding="UTF-8"?>
<!-- Generated by org.testng.reporters.JUnitReportReporter -->
<testsuite hostname="sabrina" failures="0" tests="1" name="sabrina.Wikipedia" time="5.518" errors="0" timestamp="2022-09-08T13:12:47 ART" skipped="0">
  <testcase classname="sabrina.Wikipedia" name="ValidarBusquedaWikipedia" time="5.518"/>
  <system-out/>
</testsuite> <!-- sabrina.Wikipedia -->
